<?xml version="1.0" encoding="UTF-8"?>
<!-- Generated by org.testng.reporters.JUnitXMLReporter -->
<testsuite ignored="0" hostname="LAPTOP-3N9MTLMM" failures="0" tests="4" name="Test" time="0.122" errors="0" timestamp="2021-02-04T20:58:03 IST">
  <testcase classname="god1.arraylist1" name="test1" time="0.022"/>
  <testcase classname="god1.arraylist1" name="test12" time="0.001"/>
  <testcase classname="god1.arraylist1" name="test4" time="0.002"/>
  <testcase classname="god1.arraylist1" name="test5" time="0.002"/>
</testsuite> <!-- Test -->
