<?xml version="1.0" encoding="UTF-8"?>
<testng-results ignored="0" total="1" passed="1" failed="0" skipped="0">
  <reporter-output>
  </reporter-output>
  <suite started-at="2021-02-06T07:54:13 IST" name="Default suite" finished-at="2021-02-06T07:54:41 IST" duration-ms="28295">
    <groups>
    </groups>
    <test started-at="2021-02-06T07:54:13 IST" name="Default test" finished-at="2021-02-06T07:54:41 IST" duration-ms="28295">
      <class name="god1.mmm">
        <test-method signature="testing()[pri:0, instance:god1.mmm@7880cdf3]" started-at="2021-02-06T07:54:13 IST" name="testing" finished-at="2021-02-06T07:54:41 IST" duration-ms="28190" status="PASS">
          <reporter-output>
          </reporter-output>
        </test-method> <!-- testing -->
      </class> <!-- god1.mmm -->
    </test> <!-- Default test -->
  </suite> <!-- Default suite -->
</testng-results>
